FATAL [Thread-4] 2014-06-19 11:56:41,818 repast.simphony.ui.GUIScheduleRunner - RunTimeException when running the schedule
Current tick (6523866.0)
java.lang.NullPointerException
	at communication.RequestInitiator.handleInform(RequestInitiator.java:132)
	at up.fe.liacc.sajas.proto.AchieveREInitiator$State$2.action(AchieveREInitiator.java:192)
	at up.fe.liacc.sajas.proto.AchieveREInitiator.action(AchieveREInitiator.java:61)
	at up.fe.liacc.repast.BehaviourAction.execute(BehaviourAction.java:37)
	at repast.simphony.engine.schedule.DefaultAction.execute(DefaultAction.java:38)
	at repast.simphony.engine.schedule.ScheduleGroup.executeList(ScheduleGroup.java:206)
	at repast.simphony.engine.schedule.ScheduleGroup.execute(ScheduleGroup.java:231)
	at repast.simphony.engine.schedule.Schedule.execute(Schedule.java:352)
	at repast.simphony.ui.GUIScheduleRunner$ScheduleLoopRunnable.run(GUIScheduleRunner.java:52)
	at java.lang.Thread.run(Thread.java:745)
FATAL [Thread-6] 2014-06-19 17:29:03,340 repast.simphony.ui.GUIScheduleRunner - RunTimeException when running the schedule
Current tick (2939069.0)
java.lang.NullPointerException
	at communication.RequestInitiator.handleInform(RequestInitiator.java:145)
	at up.fe.liacc.sajas.proto.AchieveREInitiator$State$2.action(AchieveREInitiator.java:192)
	at up.fe.liacc.sajas.proto.AchieveREInitiator.action(AchieveREInitiator.java:61)
	at up.fe.liacc.repast.BehaviourAction.execute(BehaviourAction.java:37)
	at repast.simphony.engine.schedule.DefaultAction.execute(DefaultAction.java:38)
	at repast.simphony.engine.schedule.ScheduleGroup.executeList(ScheduleGroup.java:206)
	at repast.simphony.engine.schedule.ScheduleGroup.execute(ScheduleGroup.java:231)
	at repast.simphony.engine.schedule.Schedule.execute(Schedule.java:352)
	at repast.simphony.ui.GUIScheduleRunner$ScheduleLoopRunnable.run(GUIScheduleRunner.java:52)
	at java.lang.Thread.run(Thread.java:745)
FATAL [Thread-4] 2014-06-19 17:50:52,464 repast.simphony.ui.GUIScheduleRunner - RunTimeException when running the schedule
Current tick (3983448.0)
java.lang.NullPointerException
	at up.fe.liacc.sajas.core.behaviours.FSMBehaviour.scheduleNext(FSMBehaviour.java:44)
	at up.fe.liacc.sajas.core.behaviours.FSMBehaviour.action(FSMBehaviour.java:31)
	at up.fe.liacc.repast.BehaviourAction.execute(BehaviourAction.java:37)
	at repast.simphony.engine.schedule.DefaultAction.execute(DefaultAction.java:38)
	at repast.simphony.engine.schedule.ScheduleGroup.executeList(ScheduleGroup.java:206)
	at repast.simphony.engine.schedule.ScheduleGroup.execute(ScheduleGroup.java:231)
	at repast.simphony.engine.schedule.Schedule.execute(Schedule.java:352)
	at repast.simphony.ui.GUIScheduleRunner$ScheduleLoopRunnable.run(GUIScheduleRunner.java:52)
	at java.lang.Thread.run(Thread.java:745)
FATAL [Thread-4] 2014-06-19 18:31:14,824 repast.simphony.ui.GUIScheduleRunner - RunTimeException when running the schedule
Current tick (4521669.0)
java.lang.NullPointerException
	at communication.PlayRequestResponder.handleRequest(PlayRequestResponder.java:44)
	at up.fe.liacc.sajas.proto.AchieveREResponder$State$1.nextState(AchieveREResponder.java:80)
	at up.fe.liacc.sajas.proto.AchieveREResponder$State$1.nextState(AchieveREResponder.java:1)
	at up.fe.liacc.sajas.proto.AchieveREResponder.action(AchieveREResponder.java:31)
	at up.fe.liacc.repast.BehaviourAction.execute(BehaviourAction.java:37)
	at repast.simphony.engine.schedule.DefaultAction.execute(DefaultAction.java:38)
	at repast.simphony.engine.schedule.ScheduleGroup.executeList(ScheduleGroup.java:206)
	at repast.simphony.engine.schedule.ScheduleGroup.execute(ScheduleGroup.java:231)
	at repast.simphony.engine.schedule.Schedule.execute(Schedule.java:352)
	at repast.simphony.ui.GUIScheduleRunner$ScheduleLoopRunnable.run(GUIScheduleRunner.java:52)
	at java.lang.Thread.run(Thread.java:745)
FATAL [Thread-4] 2014-06-19 18:41:04,001 repast.simphony.ui.GUIScheduleRunner - RunTimeException when running the schedule
Current tick (1687543.0)
java.lang.NullPointerException
	at up.fe.liacc.sajas.core.behaviours.FSMBehaviour.done(FSMBehaviour.java:67)
	at up.fe.liacc.repast.BehaviourAction.execute(BehaviourAction.java:38)
	at repast.simphony.engine.schedule.DefaultAction.execute(DefaultAction.java:38)
	at repast.simphony.engine.schedule.ScheduleGroup.executeList(ScheduleGroup.java:206)
	at repast.simphony.engine.schedule.ScheduleGroup.execute(ScheduleGroup.java:231)
	at repast.simphony.engine.schedule.Schedule.execute(Schedule.java:352)
	at repast.simphony.ui.GUIScheduleRunner$ScheduleLoopRunnable.run(GUIScheduleRunner.java:52)
	at java.lang.Thread.run(Thread.java:745)
FATAL [Thread-4] 2014-06-19 22:16:49,160 repast.simphony.ui.GUIScheduleRunner - RunTimeException when running the schedule
Current tick (4946749.0)
java.util.ConcurrentModificationException
	at java.util.HashMap$HashIterator.nextEntry(HashMap.java:922)
	at java.util.HashMap$ValueIterator.next(HashMap.java:950)
	at java.util.AbstractCollection.finishToArray(AbstractCollection.java:230)
	at java.util.AbstractCollection.toArray(AbstractCollection.java:143)
	at java.util.ArrayList.<init>(ArrayList.java:164)
	at up.fe.liacc.repast.BehaviourAction.execute(BehaviourAction.java:30)
	at repast.simphony.engine.schedule.DefaultAction.execute(DefaultAction.java:38)
	at repast.simphony.engine.schedule.ScheduleGroup.executeList(ScheduleGroup.java:206)
	at repast.simphony.engine.schedule.ScheduleGroup.execute(ScheduleGroup.java:231)
	at repast.simphony.engine.schedule.Schedule.execute(Schedule.java:352)
	at repast.simphony.ui.GUIScheduleRunner$ScheduleLoopRunnable.run(GUIScheduleRunner.java:52)
	at java.lang.Thread.run(Thread.java:745)
FATAL [Thread-4] 2014-06-19 22:22:49,320 repast.simphony.ui.GUIScheduleRunner - RunTimeException when running the schedule
Current tick (4814635.0)
java.util.ConcurrentModificationException
	at java.util.HashMap$HashIterator.nextEntry(HashMap.java:922)
	at java.util.HashMap$ValueIterator.next(HashMap.java:950)
	at java.util.AbstractCollection.finishToArray(AbstractCollection.java:230)
	at java.util.AbstractCollection.toArray(AbstractCollection.java:143)
	at java.util.ArrayList.addAll(ArrayList.java:559)
	at up.fe.liacc.repast.BehaviourAction.execute(BehaviourAction.java:31)
	at repast.simphony.engine.schedule.DefaultAction.execute(DefaultAction.java:38)
	at repast.simphony.engine.schedule.ScheduleGroup.executeList(ScheduleGroup.java:206)
	at repast.simphony.engine.schedule.ScheduleGroup.execute(ScheduleGroup.java:231)
	at repast.simphony.engine.schedule.Schedule.execute(Schedule.java:352)
	at repast.simphony.ui.GUIScheduleRunner$ScheduleLoopRunnable.run(GUIScheduleRunner.java:52)
	at java.lang.Thread.run(Thread.java:745)
FATAL [Thread-4] 2014-06-19 23:57:08,474 repast.simphony.ui.GUIScheduleRunner - RunTimeException when running the schedule
Current tick (5887442.0)
java.lang.NullPointerException
	at communication.RequestInitiator.done(RequestInitiator.java:198)
	at up.fe.liacc.repast.BehaviourAction.execute(BehaviourAction.java:40)
	at repast.simphony.engine.schedule.DefaultAction.execute(DefaultAction.java:38)
	at repast.simphony.engine.schedule.ScheduleGroup.executeList(ScheduleGroup.java:206)
	at repast.simphony.engine.schedule.ScheduleGroup.execute(ScheduleGroup.java:231)
	at repast.simphony.engine.schedule.Schedule.execute(Schedule.java:352)
	at repast.simphony.ui.GUIScheduleRunner$ScheduleLoopRunnable.run(GUIScheduleRunner.java:52)
	at java.lang.Thread.run(Thread.java:745)
FATAL [Thread-6] 2014-06-20 13:28:21,259 repast.simphony.ui.GUIScheduleRunner - RunTimeException when running the schedule
Current tick (1941662.0)
java.util.ConcurrentModificationException
	at java.util.HashMap$HashIterator.nextEntry(HashMap.java:922)
	at java.util.HashMap$ValueIterator.next(HashMap.java:950)
	at java.util.AbstractCollection.finishToArray(AbstractCollection.java:230)
	at java.util.AbstractCollection.toArray(AbstractCollection.java:143)
	at java.util.ArrayList.<init>(ArrayList.java:164)
	at up.fe.liacc.repast.BehaviourAction.execute(BehaviourAction.java:32)
	at repast.simphony.engine.schedule.DefaultAction.execute(DefaultAction.java:38)
	at repast.simphony.engine.schedule.ScheduleGroup.executeList(ScheduleGroup.java:206)
	at repast.simphony.engine.schedule.ScheduleGroup.execute(ScheduleGroup.java:231)
	at repast.simphony.engine.schedule.Schedule.execute(Schedule.java:352)
	at repast.simphony.ui.GUIScheduleRunner$ScheduleLoopRunnable.run(GUIScheduleRunner.java:52)
	at java.lang.Thread.run(Thread.java:745)
